app/build/outputs/logs/manifest-merger-debug-report.txt
-- Merging decision tree log ---
manifest
ADDED from src\main\AndroidManifest.xml:2:1-61:12
	package
		ADDED from src\main\AndroidManifest.xml:3:7-50
		INJECTED from src\main\AndroidManifest.xml
		INJECTED from src\main\AndroidManifest.xml
	android:versionName
		ADDED from src\main\AndroidManifest.xml:5:7-32
		INJECTED from src\main\AndroidManifest.xml
		INJECTED from src\main\AndroidManifest.xml
	android:versionCode
		ADDED from src\main\AndroidManifest.xml:4:7-30
		INJECTED from src\main\AndroidManifest.xml
		INJECTED from src\main\AndroidManifest.xml
	xmlns:android
		ADDED from src\main\AndroidManifest.xml:2:11-69
application
ADDED from src\main\AndroidManifest.xml:6:5-54:21
	android:label
		ADDED from src\main\AndroidManifest.xml:9:7-39
	android:icon
		ADDED from src\main\AndroidManifest.xml:8:7-36
	android:theme
		ADDED from src\main\AndroidManifest.xml:7:7-38
activity#com.seanoneill.android.PocketMute.MainActivity
ADDED from src\main\AndroidManifest.xml:10:7-18:18
	android:screenOrientation
		ADDED from src\main\AndroidManifest.xml:12:19-55
	android:label
		ADDED from src\main\AndroidManifest.xml:11:19-51
	android:name
		ADDED from src\main\AndroidManifest.xml:10:17-45
intent-filter#android.intent.action.MAIN+android.intent.category.LAUNCHER
ADDED from src\main\AndroidManifest.xml:14:10-17:26
action#android.intent.action.MAIN
ADDED from src\main\AndroidManifest.xml:15:14-66
	android:name
		ADDED from src\main\AndroidManifest.xml:15:22-63
category#android.intent.category.LAUNCHER
ADDED from src\main\AndroidManifest.xml:16:14-74
	android:name
		ADDED from src\main\AndroidManifest.xml:16:24-71
activity#com.google.ads.AdActivity
ADDED from src\main\AndroidManifest.xml:21:10-22:126
	android:configChanges
		ADDED from src\main\AndroidManifest.xml:22:15-124
	android:name
		ADDED from src\main\AndroidManifest.xml:21:20-60
activity#com.seanoneill.android.PocketMute.AddTimeEntry
ADDED from src\main\AndroidManifest.xml:24:1-26:59
	android:screenOrientation
		ADDED from src\main\AndroidManifest.xml:26:20-56
	android:label
		ADDED from src\main\AndroidManifest.xml:25:20-52
	android:name
		ADDED from src\main\AndroidManifest.xml:24:11-38
activity#com.seanoneill.android.PocketMute.QuickMute
ADDED from src\main\AndroidManifest.xml:28:1-32:7
	android:screenOrientation
		ADDED from src\main\AndroidManifest.xml:30:20-56
	android:label
		ADDED from src\main\AndroidManifest.xml:29:20-52
	android:theme
		ADDED from src\main\AndroidManifest.xml:31:20-51
	android:name
		ADDED from src\main\AndroidManifest.xml:28:11-35
activity#com.seanoneill.android.PocketMute.HelpPage
ADDED from src\main\AndroidManifest.xml:34:1-38:7
	android:screenOrientation
		ADDED from src\main\AndroidManifest.xml:36:20-56
	android:label
		ADDED from src\main\AndroidManifest.xml:35:20-52
	android:theme
		ADDED from src\main\AndroidManifest.xml:37:20-51
	android:name
		ADDED from src\main\AndroidManifest.xml:34:11-34
receiver#com.seanoneill.android.PocketMute.PhoneRebootReset
ADDED from src\main\AndroidManifest.xml:41:1-45:12
	android:name
		ADDED from src\main\AndroidManifest.xml:41:11-43
intent-filter#android.intent.action.BOOT_COMPLETED
ADDED from src\main\AndroidManifest.xml:42:5-44:21
action#android.intent.action.BOOT_COMPLETED
ADDED from src\main\AndroidManifest.xml:43:9-71
	android:name
		ADDED from src\main\AndroidManifest.xml:43:17-68
receiver#com.seanoneill.android.PocketMute.DontSleepAndroid
ADDED from src\main\AndroidManifest.xml:47:2-47
	android:name
		ADDED from src\main\AndroidManifest.xml:47:12-44
service#com.seanoneill.android.PocketMute.SetSilentNormalMode
ADDED from src\main\AndroidManifest.xml:48:9-56
	android:name
		ADDED from src\main\AndroidManifest.xml:48:18-53
receiver#com.seanoneill.android.PocketMute.EndTimeAndroid
ADDED from src\main\AndroidManifest.xml:50:9-85
	android:name
		ADDED from src\main\AndroidManifest.xml:50:19-82
service#com.seanoneill.android.PocketMute.EndShortSilentMode
ADDED from src\main\AndroidManifest.xml:51:9-88
	android:name
		ADDED from src\main\AndroidManifest.xml:51:18-85
uses-sdk
ADDED from src\main\AndroidManifest.xml:55:5-43
	android:targetSdkVersion
		INJECTED from src\main\AndroidManifest.xml
		INJECTED from src\main\AndroidManifest.xml
	android:minSdkVersion
		ADDED from src\main\AndroidManifest.xml:55:15-40
		INJECTED from src\main\AndroidManifest.xml
		INJECTED from src\main\AndroidManifest.xml
uses-permission#android.permission.INTERNET
ADDED from src\main\AndroidManifest.xml:56:2-80
	android:name
		ADDED from src\main\AndroidManifest.xml:56:19-61
uses-permission#android.permission.READ_PHONE_STATE
ADDED from src\main\AndroidManifest.xml:57:5-91
	android:name
		ADDED from src\main\AndroidManifest.xml:57:22-72
uses-permission#android.permission.WAKE_LOCK
ADDED from src\main\AndroidManifest.xml:58:2-65
	android:name
		ADDED from src\main\AndroidManifest.xml:58:19-62
uses-permission#android.permission.RECEIVE_BOOT_COMPLETED
ADDED from src\main\AndroidManifest.xml:59:2-78
	android:name
		ADDED from src\main\AndroidManifest.xml:59:19-75
uses-permission#android.permission.ACCESS_NETWORK_STATE
ADDED from src\main\AndroidManifest.xml:60:5-79
	android:name
		ADDED from src\main\AndroidManifest.xml:60:22-76